
> qtrading@2.0.0 dev
> vite


  [32m[1mVITE[22m v5.4.21[39m  [2mready in [0m[1m429[22m[2m[0m ms[22m

  [32m➜[39m  [1mLocal[22m:   [36mhttp://localhost:[1m3000[22m/[39m
[2m  [32m➜[39m  [1mNetwork[22m[2m: use [22m[1m--host[22m[2m to expose[22m
Browserslist: browsers data (caniuse-lite) is 14 months old. Please run:
  npx update-browserslist-db@latest
  Why you should do it regularly: https://github.com/browserslist/update-db#readme
[2m18:36:53[22m [36m[1m[vite][22m[39m [32mhmr update [39m[2m/src/modules/StockTrend/components/TrendChart.tsx, /src/index.css[22m
[2m18:38:16[22m [36m[1m[vite][22m[39m [32mhmr update [39m[2m/src/modules/StockTrend/components/TrendChart.tsx, /src/index.css[22m
[2m18:41:47[22m [36m[1m[vite][22m[39m [32mhmr update [39m[2m/src/modules/StockTrend/components/TrendChart.tsx, /src/index.css[22m
[2m18:41:55[22m [36m[1m[vite][22m[39m [32mhmr update [39m[2m/src/modules/StockTrend/components/TrendChart.tsx, /src/index.css[22m
[2m18:42:09[22m [36m[1m[vite][22m[39m [32mhmr update [39m[2m/src/modules/StockTrend/components/TrendChart.tsx, /src/index.css[22m
[2m18:44:56[22m [36m[1m[vite][22m[39m [32mhmr update [39m[2m/src/modules/StockTrend/components/TrendChart.tsx, /src/index.css[22m
[2m18:45:07[22m [36m[1m[vite][22m[39m [32mhmr update [39m[2m/src/modules/StockTrend/components/TrendChart.tsx, /src/index.css[22m
[2m18:45:18[22m [36m[1m[vite][22m[39m [32mhmr update [39m[2m/src/modules/StockTrend/components/TrendChart.tsx, /src/index.css[22m
[2m18:45:29[22m [36m[1m[vite][22m[39m [32mhmr update [39m[2m/src/modules/StockTrend/components/TrendChart.tsx, /src/index.css[22m
[2m18:45:46[22m [36m[1m[vite][22m[39m [32mhmr update [39m[2m/src/modules/StockTrend/components/TrendChart.tsx, /src/index.css[22m
[2m18:45:57[22m [36m[1m[vite][22m[39m [32mhmr update [39m[2m/src/modules/StockTrend/components/TrendChart.tsx, /src/index.css[22m
[2m18:46:06[22m [36m[1m[vite][22m[39m [32mhmr update [39m[2m/src/modules/StockTrend/components/TrendChart.tsx, /src/index.css[22m
[2m18:46:43[22m [36m[1m[vite][22m[39m [32mhmr update [39m[2m/src/modules/StockTrend/components/TrendChart.tsx, /src/index.css[22m
[2m18:46:51[22m [36m[1m[vite][22m[39m [32mhmr update [39m[2m/src/modules/StockTrend/components/TrendChart.tsx, /src/index.css[22m
[2m18:47:18[22m [36m[1m[vite][22m[39m [32mhmr update [39m[2m/src/modules/StockTrend/index.tsx, /src/index.css[22m
[2m18:49:56[22m [36m[1m[vite][22m[39m [32mhmr update [39m[2m/src/modules/StockTrend/components/MACDChart.tsx, /src/index.css[22m
[2m18:50:46[22m [36m[1m[vite][22m[39m [32mhmr update [39m[2m/src/modules/StockTrend/components/TrendChart.tsx, /src/index.css[22m
[2m18:51:12[22m [36m[1m[vite][22m[39m [32mhmr update [39m[2m/src/modules/StockTrend/index.tsx, /src/index.css[22m
[2m18:51:14[22m [36m[1m[vite][22m[39m [32m✨ new dependencies optimized: [33mecharts[32m[39m
[2m18:51:14[22m [36m[1m[vite][22m[39m [32m✨ optimized dependencies changed. reloading[39m
[2m18:51:24[22m [36m[1m[vite][22m[39m [32mhmr update [39m[2m/src/modules/StockTrend/components/TrendChart.tsx, /src/index.css[22m
[2m18:51:35[22m [36m[1m[vite][22m[39m [32mhmr update [39m[2m/src/modules/StockTrend/components/TrendChart.tsx, /src/index.css[22m
[2m18:51:45[22m [36m[1m[vite][22m[39m [32mhmr update [39m[2m/src/modules/StockTrend/components/MACDChart.tsx, /src/index.css[22m
[2m18:51:54[22m [36m[1m[vite][22m[39m [32mhmr update [39m[2m/src/modules/StockTrend/components/MACDChart.tsx, /src/index.css[22m
[2m18:52:02[22m [36m[1m[vite][22m[39m [32mhmr update [39m[2m/src/modules/StockTrend/components/MACDChart.tsx, /src/index.css[22m
[2m18:52:15[22m [36m[1m[vite][22m[39m [32mhmr update [39m[2m/src/modules/StockTrend/index.tsx, /src/index.css[22m
[2m18:56:43[22m [36m[1m[vite][22m[39m [32mhmr update [39m[2m/src/modules/StockTrend/components/TrendChart.tsx, /src/index.css[22m
[2m19:00:18[22m [36m[1m[vite][22m[39m [32mhmr update [39m[2m/src/modules/StockTrend/components/TrendChart.tsx, /src/index.css[22m
[2m19:08:27[22m [36m[1m[vite][22m[39m [32mhmr update [39m[2m/src/modules/StockTrend/components/TrendChart.tsx, /src/index.css[22m
[2m19:12:32[22m [36m[1m[vite][22m[39m [32mhmr update [39m[2m/src/modules/StockTrend/components/TrendChart.tsx, /src/index.css[22m
[2m19:13:22[22m [36m[1m[vite][22m[39m [32mpage reload [39m[2msrc/shared/types/common.ts[22m
[2m19:13:36[22m [36m[1m[vite][22m[39m [32mhmr update [39m[2m/src/modules/StockTrend/components/TrendChart.tsx, /src/index.css[22m
[2m19:16:44[22m [31m[1m[vite][22m[39m [31mhttp proxy error: /api/trend/300364.SZ[39m
AggregateError [ECONNREFUSED]: 
    at internalConnectMultiple (node:net:1139:18)
    at afterConnectMultiple (node:net:1712:7)
[2m19:16:45[22m [31m[1m[vite][22m[39m [31mhttp proxy error: /api/trend/300364.SZ[39m
AggregateError [ECONNREFUSED]: 
    at internalConnectMultiple (node:net:1139:18)
    at afterConnectMultiple (node:net:1712:7)
[2m19:16:47[22m [31m[1m[vite][22m[39m [31mhttp proxy error: /api/trend/300364.SZ[39m
AggregateError [ECONNREFUSED]: 
    at internalConnectMultiple (node:net:1139:18)
    at afterConnectMultiple (node:net:1712:7)
[2m19:16:48[22m [31m[1m[vite][22m[39m [31mhttp proxy error: /api/trend/300364.SZ[39m
AggregateError [ECONNREFUSED]: 
    at internalConnectMultiple (node:net:1139:18)
    at afterConnectMultiple (node:net:1712:7)
[2m19:16:58[22m [31m[1m[vite][22m[39m [31mhttp proxy error: /api/trend/300364.SZ[39m
AggregateError [ECONNREFUSED]: 
    at internalConnectMultiple (node:net:1139:18)
    at afterConnectMultiple (node:net:1712:7)
[2m19:16:59[22m [31m[1m[vite][22m[39m [31mhttp proxy error: /api/trend/300364.SZ[39m
AggregateError [ECONNREFUSED]: 
    at internalConnectMultiple (node:net:1139:18)
    at afterConnectMultiple (node:net:1712:7)
[2m19:17:10[22m [31m[1m[vite][22m[39m [31mhttp proxy error: /api/trend/300364.SZ[39m
AggregateError [ECONNREFUSED]: 
    at internalConnectMultiple (node:net:1139:18)
    at afterConnectMultiple (node:net:1712:7)
[2m19:17:11[22m [31m[1m[vite][22m[39m [31mhttp proxy error: /api/trend/300364.SZ[39m
AggregateError [ECONNREFUSED]: 
    at internalConnectMultiple (node:net:1139:18)
    at afterConnectMultiple (node:net:1712:7)
[2m19:17:23[22m [31m[1m[vite][22m[39m [31mhttp proxy error: /api/trend/300364.SZ[39m
AggregateError [ECONNREFUSED]: 
    at internalConnectMultiple (node:net:1139:18)
    at afterConnectMultiple (node:net:1712:7)
[2m19:17:24[22m [31m[1m[vite][22m[39m [31mhttp proxy error: /api/trend/300364.SZ[39m
AggregateError [ECONNREFUSED]: 
    at internalConnectMultiple (node:net:1139:18)
    at afterConnectMultiple (node:net:1712:7)
[2m19:18:20[22m [31m[1m[vite][22m[39m [31mhttp proxy error: /api/trend/300364.SZ[39m
AggregateError [ECONNREFUSED]: 
    at internalConnectMultiple (node:net:1139:18)
    at afterConnectMultiple (node:net:1712:7)
[2m19:18:21[22m [31m[1m[vite][22m[39m [31mhttp proxy error: /api/trend/300364.SZ[39m
AggregateError [ECONNREFUSED]: 
    at internalConnectMultiple (node:net:1139:18)
    at afterConnectMultiple (node:net:1712:7)
[2m19:18:38[22m [31m[1m[vite][22m[39m [31mhttp proxy error: /api/trend/300364.SZ[39m
AggregateError [ECONNREFUSED]: 
    at internalConnectMultiple (node:net:1139:18)
    at afterConnectMultiple (node:net:1712:7)
[2m19:18:39[22m [31m[1m[vite][22m[39m [31mhttp proxy error: /api/trend/300364.SZ[39m
AggregateError [ECONNREFUSED]: 
    at internalConnectMultiple (node:net:1139:18)
    at afterConnectMultiple (node:net:1712:7)
[2m19:19:02[22m [31m[1m[vite][22m[39m [31mhttp proxy error: /api/trend/300364.SZ[39m
AggregateError [ECONNREFUSED]: 
    at internalConnectMultiple (node:net:1139:18)
    at afterConnectMultiple (node:net:1712:7)
[2m19:19:03[22m [31m[1m[vite][22m[39m [31mhttp proxy error: /api/trend/300364.SZ[39m
AggregateError [ECONNREFUSED]: 
    at internalConnectMultiple (node:net:1139:18)
    at afterConnectMultiple (node:net:1712:7)
[2m19:19:05[22m [31m[1m[vite][22m[39m [31mhttp proxy error: /api/trend/300364.SZ[39m
AggregateError [ECONNREFUSED]: 
    at internalConnectMultiple (node:net:1139:18)
    at afterConnectMultiple (node:net:1712:7)
[2m19:19:06[22m [31m[1m[vite][22m[39m [31mhttp proxy error: /api/trend/300364.SZ[39m
AggregateError [ECONNREFUSED]: 
    at internalConnectMultiple (node:net:1139:18)
    at afterConnectMultiple (node:net:1712:7)
[2m19:19:23[22m [31m[1m[vite][22m[39m [31mhttp proxy error: /api/trend/300364.SZ[39m
AggregateError [ECONNREFUSED]: 
    at internalConnectMultiple (node:net:1139:18)
    at afterConnectMultiple (node:net:1712:7)
[2m19:19:24[22m [31m[1m[vite][22m[39m [31mhttp proxy error: /api/trend/300364.SZ[39m
AggregateError [ECONNREFUSED]: 
    at internalConnectMultiple (node:net:1139:18)
    at afterConnectMultiple (node:net:1712:7)
